app/build/intermediates/manifest_merge_blame_file/debug/manifest-merger-blame-debug-report.txt
1<?xml version="1.0" encoding="utf-8"?>
2<manifest xmlns:android="http://schemas.android.com/apk/res/android"
3    package="com.example.teamb_project"
4    android:versionCode="1"
5    android:versionName="1.0" >
6
7    <uses-sdk
8        android:minSdkVersion="21"
8-->src\main\AndroidManifest.xml
9        android:targetSdkVersion="32" />
9-->src\main\AndroidManifest.xml
10
11    <uses-permission android:name="android.permission.INTERNET" />
11-->src\main\AndroidManifest.xml:5:5-67
11-->src\main\AndroidManifest.xml:5:22-64
12    <uses-permission android:name="android.permission.READ_EXTERNAL_STORAGE" />
12-->src\main\AndroidManifest.xml:6:5-80
12-->src\main\AndroidManifest.xml:6:22-77
13    <uses-permission android:name="android.permission.WRITE_EXTERNAL_STORAGE" />
13-->src\main\AndroidManifest.xml:7:5-81
13-->src\main\AndroidManifest.xml:7:22-78
14    <uses-permission android:name="android.permission.ACCESS_MEDIA_LOCATION" />
14-->src\main\AndroidManifest.xml:8:5-80
14-->src\main\AndroidManifest.xml:8:22-77
15    <uses-permission android:name="android.permission.MANAGE_EXTERNAL_STORAGE" />
15-->src\main\AndroidManifest.xml:9:5-82
15-->src\main\AndroidManifest.xml:9:22-79
16    <uses-permission android:name="android.permission.MANAGE_DOCUMENTS" />
16-->src\main\AndroidManifest.xml:10:5-12:47
16-->src\main\AndroidManifest.xml:11:9-59
17    <uses-permission android:name="android.permission.MANAGE_MEDIA" />
17-->src\main\AndroidManifest.xml:13:5-15:47
17-->src\main\AndroidManifest.xml:14:9-55
18    <uses-permission android:name="android.permission.CAMERA" />
18-->src\main\AndroidManifest.xml:16:5-65
18-->src\main\AndroidManifest.xml:16:22-62
19
20    <uses-feature
20-->src\main\AndroidManifest.xml:18:5-20:35
21        android:name="android.hardware.camera2"
21-->src\main\AndroidManifest.xml:19:9-48
22        android:required="true" /> <!-- API30이상에서는 queries 사용해서 권한부여를 한번 더 해야함. -->
22-->src\main\AndroidManifest.xml:20:9-32
23    <queries>
23-->src\main\AndroidManifest.xml:21:5-50:15
24
25        <!-- WebView -->
26        <intent>
26-->src\main\AndroidManifest.xml:24:9-30:18
27            <action android:name="android.intent.action.VIEW" />
27-->src\main\AndroidManifest.xml:25:13-65
27-->src\main\AndroidManifest.xml:25:21-62
28
29            <category android:name="android.intent.category.BROWSABLE" />
29-->src\main\AndroidManifest.xml:27:13-74
29-->src\main\AndroidManifest.xml:27:23-71
30
31            <data android:scheme="http" />
31-->src\main\AndroidManifest.xml:29:13-43
31-->src\main\AndroidManifest.xml:29:19-40
32        </intent>
33        <intent>
33-->src\main\AndroidManifest.xml:31:9-37:18
34            <action android:name="android.intent.action.VIEW" />
34-->src\main\AndroidManifest.xml:25:13-65
34-->src\main\AndroidManifest.xml:25:21-62
35
36            <category android:name="android.intent.category.BROWSABLE" />
36-->src\main\AndroidManifest.xml:27:13-74
36-->src\main\AndroidManifest.xml:27:23-71
37
38            <data android:scheme="https" />
38-->src\main\AndroidManifest.xml:29:13-43
38-->src\main\AndroidManifest.xml:29:19-40
39        </intent>
40        <!-- Camera -->
41        <intent>
41-->src\main\AndroidManifest.xml:39:9-41:18
42            <action android:name="android.media.action.IMAGE_CAPTURE" />
42-->src\main\AndroidManifest.xml:40:13-73
42-->src\main\AndroidManifest.xml:40:21-70
43        </intent>
44        <!-- Gallery -->
45        <intent>
45-->src\main\AndroidManifest.xml:43:9-45:18
46            <action android:name="android.intent.action.GET_CONTENT" />
46-->src\main\AndroidManifest.xml:44:13-72
46-->src\main\AndroidManifest.xml:44:21-69
47        </intent>
48        <!-- Youtube -->
49        <intent>
49-->src\main\AndroidManifest.xml:47:9-49:18
50            <action android:name="android.media.browse.MediaBrowserService" />
50-->src\main\AndroidManifest.xml:48:13-79
50-->src\main\AndroidManifest.xml:48:21-76
51        </intent>
52    </queries>
53
54    <uses-permission android:name="android.permission.ACCESS_NETWORK_STATE" />
54-->[com.pierfrancescosoffritti.androidyoutubeplayer:core:11.1.0] AndroidManifest.xml:10:5-79
54-->[com.pierfrancescosoffritti.androidyoutubeplayer:core:11.1.0] AndroidManifest.xml:10:22-76
55
56    <application
56-->src\main\AndroidManifest.xml:52:5-167:19
57        android:allowBackup="true"
57-->src\main\AndroidManifest.xml:53:9-35
58        android:appComponentFactory="androidx.core.app.CoreComponentFactory"
58-->[androidx.core:core:1.8.0] AndroidManifest.xml:24:18-86
59        android:dataExtractionRules="@xml/data_extraction_rules"
59-->src\main\AndroidManifest.xml:54:9-65
60        android:debuggable="true"
61        android:fullBackupContent="@xml/backup_rules"
61-->src\main\AndroidManifest.xml:55:9-54
62        android:icon="@mipmap/ic_launcher"
62-->src\main\AndroidManifest.xml:56:9-43
63        android:label="@string/app_name"
63-->src\main\AndroidManifest.xml:57:9-41
64        android:requestLegacyExternalStorage="true"
64-->src\main\AndroidManifest.xml:58:9-52
65        android:roundIcon="@mipmap/ic_launcher_round"
65-->src\main\AndroidManifest.xml:59:9-54
66        android:supportsRtl="true"
66-->src\main\AndroidManifest.xml:60:9-35
67        android:testOnly="true"
68        android:theme="@style/Theme.TeamBProject"
68-->src\main\AndroidManifest.xml:61:9-50
69        android:usesCleartextTraffic="true" >
69-->src\main\AndroidManifest.xml:62:9-44
70        <activity
70-->src\main\AndroidManifest.xml:64:9-66:39
71            android:name="com.example.teamb_project.HomeActivity"
71-->src\main\AndroidManifest.xml:65:13-41
72            android:exported="false" />
72-->src\main\AndroidManifest.xml:66:13-37
73        <activity
73-->src\main\AndroidManifest.xml:67:9-73:20
74            android:name="com.example.teamb_project.student.mylecture.lecturehome.Stu_LectureDetailActivity"
74-->src\main\AndroidManifest.xml:68:13-84
75            android:exported="false" >
75-->src\main\AndroidManifest.xml:69:13-37
76            <meta-data
76-->src\main\AndroidManifest.xml:70:13-72:36
77                android:name="android.app.lib_name"
77-->src\main\AndroidManifest.xml:71:17-52
78                android:value="" />
78-->src\main\AndroidManifest.xml:72:17-33
79        </activity>
80        <activity
80-->src\main\AndroidManifest.xml:74:9-80:20
81            android:name="com.example.teamb_project.student.mylecture.Stu_MyLectureActivity"
81-->src\main\AndroidManifest.xml:75:13-68
82            android:exported="false" >
82-->src\main\AndroidManifest.xml:76:13-37
83            <meta-data
83-->src\main\AndroidManifest.xml:70:13-72:36
84                android:name="android.app.lib_name"
84-->src\main\AndroidManifest.xml:71:17-52
85                android:value="" />
85-->src\main\AndroidManifest.xml:72:17-33
86        </activity>
87        <activity
87-->src\main\AndroidManifest.xml:81:9-87:20
88            android:name="com.example.teamb_project.board.BoardModifyActivity"
88-->src\main\AndroidManifest.xml:82:13-54
89            android:exported="false" >
89-->src\main\AndroidManifest.xml:83:13-37
90            <meta-data
90-->src\main\AndroidManifest.xml:70:13-72:36
91                android:name="android.app.lib_name"
91-->src\main\AndroidManifest.xml:71:17-52
92                android:value="" />
92-->src\main\AndroidManifest.xml:72:17-33
93        </activity>
94        <activity
94-->src\main\AndroidManifest.xml:88:9-90:49
95            android:name="com.example.teamb_project.counselling.CounselDetailActivity"
95-->src\main\AndroidManifest.xml:89:13-62
96            android:exported="false" />
96-->src\main\AndroidManifest.xml:90:13-37
97        <activity
97-->src\main\AndroidManifest.xml:91:9-93:40
98            android:name="com.example.teamb_project.counselling.NewCounselActivity"
98-->src\main\AndroidManifest.xml:92:13-59
99            android:exported="false" />
99-->src\main\AndroidManifest.xml:93:13-37
100        <activity
100-->src\main\AndroidManifest.xml:94:9-96:40
101            android:name="com.example.teamb_project.drawer.MyInfoActivity"
101-->src\main\AndroidManifest.xml:95:13-50
102            android:exported="false" />
102-->src\main\AndroidManifest.xml:96:13-37
103        <activity
103-->src\main\AndroidManifest.xml:97:9-99:40
104            android:name="com.example.teamb_project.drawer.AcInfoActivity"
104-->src\main\AndroidManifest.xml:98:13-50
105            android:exported="false" />
105-->src\main\AndroidManifest.xml:99:13-37
106        <activity
106-->src\main\AndroidManifest.xml:100:9-102:40
107            android:name="com.example.teamb_project.drawer.AcCalendarActivity"
107-->src\main\AndroidManifest.xml:101:13-54
108            android:exported="false" />
108-->src\main\AndroidManifest.xml:102:13-37
109        <activity
109-->src\main\AndroidManifest.xml:103:9-105:40
110            android:name="com.example.teamb_project.counselling.CounselActivity"
110-->src\main\AndroidManifest.xml:104:13-56
111            android:exported="false" />
111-->src\main\AndroidManifest.xml:105:13-37
112        <activity
112-->src\main\AndroidManifest.xml:106:9-108:40
113            android:name="com.example.teamb_project.notice.NewNoticeActivity"
113-->src\main\AndroidManifest.xml:107:13-53
114            android:exported="false" />
114-->src\main\AndroidManifest.xml:108:13-37
115        <activity
115-->src\main\AndroidManifest.xml:109:9-111:40
116            android:name="com.example.teamb_project.student.mylecture.lecturehome.video_board.VideoDetailActivity"
116-->src\main\AndroidManifest.xml:110:13-90
117            android:exported="false" />
117-->src\main\AndroidManifest.xml:111:13-37
118        <activity
118-->src\main\AndroidManifest.xml:112:9-114:40
119            android:name="com.example.teamb_project.teacher.mylecture.lecturehome.studentinfo.StudentDetailActivity"
119-->src\main\AndroidManifest.xml:113:13-92
120            android:exported="false" />
120-->src\main\AndroidManifest.xml:114:13-37
121        <activity
121-->src\main\AndroidManifest.xml:115:9-117:40
122            android:name="com.example.teamb_project.teacher.mylecture.lecturehome.LectureDetailActivity"
122-->src\main\AndroidManifest.xml:116:13-80
123            android:exported="false" />
123-->src\main\AndroidManifest.xml:117:13-37
124        <activity
124-->src\main\AndroidManifest.xml:118:9-120:40
125            android:name="com.example.teamb_project.TTActivity"
125-->src\main\AndroidManifest.xml:119:13-39
126            android:exported="false" />
126-->src\main\AndroidManifest.xml:120:13-37
127        <activity
127-->src\main\AndroidManifest.xml:121:9-123:40
128            android:name="com.example.teamb_project.JoinActivity"
128-->src\main\AndroidManifest.xml:122:13-41
129            android:exported="false" />
129-->src\main\AndroidManifest.xml:123:13-37
130        <activity
130-->src\main\AndroidManifest.xml:124:9-126:40
131            android:name="com.example.teamb_project.FindActivity"
131-->src\main\AndroidManifest.xml:125:13-41
132            android:exported="false" />
132-->src\main\AndroidManifest.xml:126:13-37
133        <activity
133-->src\main\AndroidManifest.xml:127:9-135:20
134            android:name="com.example.teamb_project.LoginActivity"
134-->src\main\AndroidManifest.xml:128:13-42
135            android:exported="true" >
135-->src\main\AndroidManifest.xml:129:13-36
136            <intent-filter>
136-->src\main\AndroidManifest.xml:130:13-134:29
137                <action android:name="android.intent.action.MAIN" />
137-->src\main\AndroidManifest.xml:131:17-69
137-->src\main\AndroidManifest.xml:131:25-66
138
139                <category android:name="android.intent.category.LAUNCHER" />
139-->src\main\AndroidManifest.xml:133:17-77
139-->src\main\AndroidManifest.xml:133:27-74
140            </intent-filter>
141        </activity>
142        <activity
142-->src\main\AndroidManifest.xml:136:9-138:49
143            android:name="com.example.teamb_project.board.BoardDetailActivity"
143-->src\main\AndroidManifest.xml:137:13-54
144            android:exported="false" />
144-->src\main\AndroidManifest.xml:138:13-37
145        <activity
145-->src\main\AndroidManifest.xml:139:9-141:40
146            android:name="com.example.teamb_project.board.NewBoardActivity"
146-->src\main\AndroidManifest.xml:140:13-51
147            android:exported="false" />
147-->src\main\AndroidManifest.xml:141:13-37
148        <activity
148-->src\main\AndroidManifest.xml:142:9-144:40
149            android:name="com.example.teamb_project.notice.NoticeActivity"
149-->src\main\AndroidManifest.xml:143:13-50
150            android:exported="false" />
150-->src\main\AndroidManifest.xml:144:13-37
151        <activity
151-->src\main\AndroidManifest.xml:145:9-147:40
152            android:name="com.example.teamb_project.board.BoardActivity"
152-->src\main\AndroidManifest.xml:146:13-48
153            android:exported="false" />
153-->src\main\AndroidManifest.xml:147:13-37
154        <activity
154-->src\main\AndroidManifest.xml:148:9-150:49
155            android:name="com.example.teamb_project.teacher.mylecture.MyLectureActivity"
155-->src\main\AndroidManifest.xml:149:13-64
156            android:exported="false" />
156-->src\main\AndroidManifest.xml:150:13-37
157        <activity
157-->src\main\AndroidManifest.xml:151:9-153:49
158            android:name="com.example.teamb_project.teacher.TeacherHomeActivity"
158-->src\main\AndroidManifest.xml:152:13-56
159            android:exported="false" />
159-->src\main\AndroidManifest.xml:153:13-37
160        <activity
160-->src\main\AndroidManifest.xml:154:9-156:40
161            android:name="com.example.teamb_project.student.StudentHomeActivity"
161-->src\main\AndroidManifest.xml:155:13-56
162            android:exported="false" />
162-->src\main\AndroidManifest.xml:156:13-37
163
164        <provider
165            android:name="androidx.core.content.FileProvider"
165-->src\main\AndroidManifest.xml:159:13-62
166            android:authorities="com.example.teamb_project.fileprovider"
166-->src\main\AndroidManifest.xml:160:13-64
167            android:exported="false"
167-->src\main\AndroidManifest.xml:161:13-37
168            android:grantUriPermissions="true" >
168-->src\main\AndroidManifest.xml:162:13-47
169            <meta-data
169-->src\main\AndroidManifest.xml:163:13-165:53
170                android:name="android.support.FILE_PROVIDER_PATHS"
170-->src\main\AndroidManifest.xml:164:17-67
171                android:resource="@xml/file_path" />
171-->src\main\AndroidManifest.xml:165:17-50
172        </provider>
173        <provider
173-->[androidx.emoji2:emoji2:1.2.0] AndroidManifest.xml:24:9-32:20
174            android:name="androidx.startup.InitializationProvider"
174-->[androidx.emoji2:emoji2:1.2.0] AndroidManifest.xml:25:13-67
175            android:authorities="com.example.teamb_project.androidx-startup"
175-->[androidx.emoji2:emoji2:1.2.0] AndroidManifest.xml:26:13-68
176            android:exported="false" >
176-->[androidx.emoji2:emoji2:1.2.0] AndroidManifest.xml:27:13-37
177            <meta-data
177-->[androidx.emoji2:emoji2:1.2.0] AndroidManifest.xml:29:13-31:52
178                android:name="androidx.emoji2.text.EmojiCompatInitializer"
178-->[androidx.emoji2:emoji2:1.2.0] AndroidManifest.xml:30:17-75
179                android:value="androidx.startup" />
179-->[androidx.emoji2:emoji2:1.2.0] AndroidManifest.xml:31:17-49
180            <meta-data
180-->[androidx.lifecycle:lifecycle-process:2.4.1] AndroidManifest.xml:31:13-33:52
181                android:name="androidx.lifecycle.ProcessLifecycleInitializer"
181-->[androidx.lifecycle:lifecycle-process:2.4.1] AndroidManifest.xml:32:17-78
182                android:value="androidx.startup" />
182-->[androidx.lifecycle:lifecycle-process:2.4.1] AndroidManifest.xml:33:17-49
183        </provider>
184
185        <uses-library
185-->[androidx.window:window:1.0.0] AndroidManifest.xml:25:9-27:40
186            android:name="androidx.window.extensions"
186-->[androidx.window:window:1.0.0] AndroidManifest.xml:26:13-54
187            android:required="false" />
187-->[androidx.window:window:1.0.0] AndroidManifest.xml:27:13-37
188        <uses-library
188-->[androidx.window:window:1.0.0] AndroidManifest.xml:28:9-30:40
189            android:name="androidx.window.sidecar"
189-->[androidx.window:window:1.0.0] AndroidManifest.xml:29:13-51
190            android:required="false" />
190-->[androidx.window:window:1.0.0] AndroidManifest.xml:30:13-37
191    </application>
192
193</manifest>